<?xml version="1.0" encoding="UTF-8" standalone="no"?>
<testsuite failures="1" name="cucumber.runtime.formatter.JUnitFormatter" skipped="0" tests="9" time="170.081275">
<testcase classname="This is working examples" name="This is sceanario to match the first one and get Cucumber to give us a stub implementation of the second one." time="0.092018">
<system-out><![CDATA[Given I have a cucumber step................................................passed
]]></system-out>
</testcase>
<testcase classname="This is working examples" name="The sum of a list of numbers should be calculated &lt;Using Simple List&gt;" time="0.003292">
<system-out><![CDATA[Given a list of numbers.....................................................passed
Then I should get 4770......................................................passed
]]></system-out>
</testcase>
<testcase classname="This is working examples" name="A price list can be represented as price per item &lt;Using Maps&gt;" time="0.001639">
<system-out><![CDATA[Given the price list for a coffee shop......................................passed
When I order 1 coffee and 1 donut...........................................passed
Then should I pay 3.........................................................passed
]]></system-out>
</testcase>
<testcase classname="This is working examples" name="List of domain objects &lt;Instead of Data Table - Using List&gt;" time="0.014546">
<system-out><![CDATA[Given I have the following order using list.................................passed
Then I purchase 4 cucumber and 6 potato.....................................passed
Then My cost is 14..........................................................passed
]]></system-out>
</testcase>
<testcase classname="Test Login feature of mercury website." name="Mercury Login test with scenario &amp; multiple logins" time="90.721956">
<failure message="org.openqa.selenium.NoSuchElementException: no such element: Unable to locate element: {&quot;method&quot;:&quot;css selector&quot;,&quot;selector&quot;:&quot;input[name='login']&quot;}&#10;  (Session info: chrome=57.0.2987.133)&#10;  (Driver info: chromedriver=2.25.426923 (0390b88869384d6eb0d5d09729679f934aab9eed),platform=Windows NT 6.1.7601 SP1 x86_64) (WARNING: The server did not provide any stacktrace information)&#10;Command duration or timeout: 20.09 seconds&#10;For documentation on this error, please visit: http://seleniumhq.org/exceptions/no_such_element.html&#10;Build info: version: '2.53.0', revision: '35ae25b1534ae328c771e0856c93e187490ca824', time: '2016-03-15 10:43:46'&#10;System info: host: 'WN7X64-9KQH622', ip: '192.168.1.100', os.name: 'Windows 7', os.arch: 'amd64', os.version: '6.1', java.version: '1.8.0_121'&#10;Driver info: org.openqa.selenium.chrome.ChromeDriver&#10;Capabilities [{applicationCacheEnabled=false, rotatable=false, mobileEmulationEnabled=false, networkConnectionEnabled=false, chrome={chromedriverVersion=2.25.426923 (0390b88869384d6eb0d5d09729679f934aab9eed), userDataDir=C:\Users\VARUN_~1\AppData\Local\Temp\scoped_dir3812_29426}, takesHeapSnapshot=true, pageLoadStrategy=normal, databaseEnabled=false, handlesAlerts=true, hasTouchScreen=false, version=57.0.2987.133, platform=XP, browserConnectionEnabled=false, nativeEvents=true, acceptSslCerts=true, locationContextEnabled=true, webStorageEnabled=true, browserName=chrome, takesScreenshot=true, javascriptEnabled=true, cssSelectorsEnabled=true}]&#10;Session ID: f3d677960f930cea1ca83fff827ec7b3&#10;*** Element info: {Using=css selector, value=input[name='login']}&#13;&#10;&#9;at sun.reflect.NativeConstructorAccessorImpl.newInstance0(Native Method)&#13;&#10;&#9;at sun.reflect.NativeConstructorAccessorImpl.newInstance(Unknown Source)&#13;&#10;&#9;at sun.reflect.DelegatingConstructorAccessorImpl.newInstance(Unknown Source)&#13;&#10;&#9;at java.lang.reflect.Constructor.newInstance(Unknown Source)&#13;&#10;&#9;at org.openqa.selenium.remote.ErrorHandler.createThrowable(ErrorHandler.java:206)&#13;&#10;&#9;at org.openqa.selenium.remote.ErrorHandler.throwIfResponseFailed(ErrorHandler.java:158)&#13;&#10;&#9;at org.openqa.selenium.remote.RemoteWebDriver.execute(RemoteWebDriver.java:678)&#13;&#10;&#9;at org.openqa.selenium.remote.RemoteWebDriver.findElement(RemoteWebDriver.java:363)&#13;&#10;&#9;at org.openqa.selenium.remote.RemoteWebDriver.findElementByCssSelector(RemoteWebDriver.java:492)&#13;&#10;&#9;at org.openqa.selenium.By$ByCssSelector.findElement(By.java:430)&#13;&#10;&#9;at org.openqa.selenium.remote.RemoteWebDriver.findElement(RemoteWebDriver.java:355)&#13;&#10;&#9;at com.czeczotka.bdd.steps.loginScript.login(loginScript.java:42)&#13;&#10;&#9;at ✽.Then user enters Credentials to LogIn(cucumber/login.feature:7)&#13;&#10;"><![CDATA[Given user launch browser...................................................passed
Then user opens application page............................................passed
Then user enters Credentials to LogIn.......................................failed

StackTrace:
org.openqa.selenium.NoSuchElementException: no such element: Unable to locate element: {"method":"css selector","selector":"input[name='login']"}
  (Session info: chrome=57.0.2987.133)
  (Driver info: chromedriver=2.25.426923 (0390b88869384d6eb0d5d09729679f934aab9eed),platform=Windows NT 6.1.7601 SP1 x86_64) (WARNING: The server did not provide any stacktrace information)
Command duration or timeout: 20.09 seconds
For documentation on this error, please visit: http://seleniumhq.org/exceptions/no_such_element.html
Build info: version: '2.53.0', revision: '35ae25b1534ae328c771e0856c93e187490ca824', time: '2016-03-15 10:43:46'
System info: host: 'WN7X64-9KQH622', ip: '192.168.1.100', os.name: 'Windows 7', os.arch: 'amd64', os.version: '6.1', java.version: '1.8.0_121'
Driver info: org.openqa.selenium.chrome.ChromeDriver
Capabilities [{applicationCacheEnabled=false, rotatable=false, mobileEmulationEnabled=false, networkConnectionEnabled=false, chrome={chromedriverVersion=2.25.426923 (0390b88869384d6eb0d5d09729679f934aab9eed), userDataDir=C:\Users\VARUN_~1\AppData\Local\Temp\scoped_dir3812_29426}, takesHeapSnapshot=true, pageLoadStrategy=normal, databaseEnabled=false, handlesAlerts=true, hasTouchScreen=false, version=57.0.2987.133, platform=XP, browserConnectionEnabled=false, nativeEvents=true, acceptSslCerts=true, locationContextEnabled=true, webStorageEnabled=true, browserName=chrome, takesScreenshot=true, javascriptEnabled=true, cssSelectorsEnabled=true}]
Session ID: f3d677960f930cea1ca83fff827ec7b3
*** Element info: {Using=css selector, value=input[name='login']}
	at sun.reflect.NativeConstructorAccessorImpl.newInstance0(Native Method)
	at sun.reflect.NativeConstructorAccessorImpl.newInstance(Unknown Source)
	at sun.reflect.DelegatingConstructorAccessorImpl.newInstance(Unknown Source)
	at java.lang.reflect.Constructor.newInstance(Unknown Source)
	at org.openqa.selenium.remote.ErrorHandler.createThrowable(ErrorHandler.java:206)
	at org.openqa.selenium.remote.ErrorHandler.throwIfResponseFailed(ErrorHandler.java:158)
	at org.openqa.selenium.remote.RemoteWebDriver.execute(RemoteWebDriver.java:678)
	at org.openqa.selenium.remote.RemoteWebDriver.findElement(RemoteWebDriver.java:363)
	at org.openqa.selenium.remote.RemoteWebDriver.findElementByCssSelector(RemoteWebDriver.java:492)
	at org.openqa.selenium.By$ByCssSelector.findElement(By.java:430)
	at org.openqa.selenium.remote.RemoteWebDriver.findElement(RemoteWebDriver.java:355)
	at com.czeczotka.bdd.steps.loginScript.login(loginScript.java:42)
	at ✽.Then user enters Credentials to LogIn(cucumber/login.feature:7)
]]></failure>
</testcase>
<testcase classname="Test Login feature of mercury website." name="Launch the browser" time="10.597411">
<system-out><![CDATA[Given user launch browser...................................................passed
Then user opens application page............................................passed
]]></system-out>
</testcase>
<testcase classname="Test Login feature of mercury website." name="Login test with scenario outline &amp; multiple logins" time="16.519446">
<system-out><![CDATA[When user logins with Username "a" and Password "a".........................passed
Then user logins successfullly..............................................passed
]]></system-out>
</testcase>
<testcase classname="Test Login feature of mercury website." name="Login test with scenario outline &amp; multiple logins 2" time="16.554431">
<system-out><![CDATA[When user logins with Username "b" and Password "b".........................passed
Then user logins successfullly..............................................passed
]]></system-out>
</testcase>
<testcase classname="Register a new user" name="Create a new user" time="35.576536">
<system-out><![CDATA[Given Im on registration page...............................................passed
When Provide all valid values...............................................passed
Then user registration is successful with ("d").............................passed
]]></system-out>
</testcase>
</testsuite>
